<?xml version="1.0" encoding="UTF-8"?>
<!-- Generated by org.testng.reporters.JUnitReportReporter -->
<testsuite skipped="0" hostname="ARAVINDA-DELL-PERSONAL" name="testng.tests.ExecuteJavaScriptCode" tests="1" failures="0" timestamp="2021-05-16T16:55:07 IST" time="10.945" errors="0">
  <testcase name="executeJs" time="10.945" classname="testng.tests.ExecuteJavaScriptCode"/>
  <system-out/>
</testsuite> <!-- testng.tests.ExecuteJavaScriptCode -->
