<?xml version="1.0" encoding="UTF-8"?>
<!-- Generated by org.testng.reporters.JUnitReportReporter -->
<testsuite skipped="0" hostname="ARAVINDA-DELL-PERSONAL" name="testng.LoginTest" tests="4" failures="0" timestamp="2021-05-16T15:25:59 IST" time="0.004" errors="0">
  <testcase name="login" time="0.001" classname="testng.LoginTest"/>
  <system-out/>
  <testcase name="createCutomer" time="0.001" classname="testng.LoginTest"/>
  <system-out/>
  <testcase name="launch" time="0.001" classname="testng.LoginTest"/>
  <system-out/>
  <testcase name="logout" time="0.001" classname="testng.LoginTest"/>
  <system-out/>
</testsuite> <!-- testng.LoginTest -->
