<?xml version="1.0" encoding="UTF-8"?>
<!-- Generated by org.testng.reporters.JUnitReportReporter -->
<testsuite skipped="0" hostname="ARAVINDA-DELL-PERSONAL" name="testng.HelloWorld" tests="3" failures="0" timestamp="2021-05-16T15:25:59 IST" time="0.003" errors="0">
  <testcase name="test1" time="0.001" classname="testng.HelloWorld"/>
  <system-out/>
  <testcase name="test2" time="0.001" classname="testng.HelloWorld"/>
  <system-out/>
  <testcase name="test3" time="0.001" classname="testng.HelloWorld"/>
  <system-out/>
</testsuite> <!-- testng.HelloWorld -->
