<?xml version="1.0" encoding="UTF-8"?>
<!-- Generated by org.testng.reporters.JUnitReportReporter -->
<testsuite skipped="0" hostname="ARAVINDA-DELL-PERSONAL" name="testng.dataprovider.DataproviderDemo" tests="2" failures="0" timestamp="2021-05-16T16:28:34 IST" time="0.014" errors="0">
  <testcase name="f" time="0.002" classname="testng.dataprovider.DataproviderDemo"/>
  <system-out>
    <![CDATA[2 and b and 33.5<br>]]>
  </system-out>
  <testcase name="f" time="0.012" classname="testng.dataprovider.DataproviderDemo"/>
  <system-out>
    <![CDATA[1 and a and 22.5<br>]]>
  </system-out>
</testsuite> <!-- testng.dataprovider.DataproviderDemo -->
