<?xml version="1.0" encoding="UTF-8"?>
<!-- Generated by org.testng.reporters.JUnitReportReporter -->
<testsuite skipped="0" hostname="ARAVINDA-DELL-PERSONAL" name="testng.group.Cars" tests="4" failures="0" timestamp="2021-05-16T15:48:06 IST" time="0.015" errors="0">
  <testcase name="carnival" time="0.012" classname="testng.group.Cars"/>
  <system-out/>
  <testcase name="swift" time="0.001" classname="testng.group.Cars"/>
  <system-out/>
  <testcase name="celtos" time="0.001" classname="testng.group.Cars"/>
  <system-out/>
  <testcase name="xuv500" time="0.001" classname="testng.group.Cars"/>
  <system-out/>
</testsuite> <!-- testng.group.Cars -->
