<?xml version="1.0" encoding="UTF-8"?>
<!-- Generated by org.testng.reporters.JUnitReportReporter -->
<testsuite skipped="0" hostname="ARAVINDA-DELL-PERSONAL" name="testng.tests.LoginTest" tests="2" failures="0" timestamp="2021-05-16T16:37:37 IST" time="14.072" errors="0">
  <testcase name="validLogin" time="8.464" classname="testng.tests.LoginTest"/>
  <system-out>
    <![CDATA[--Valid login Test----<br>]]>
  </system-out>
  <testcase name="invalidLogin" time="5.608" classname="testng.tests.LoginTest"/>
  <system-out>
    <![CDATA[--InValid login Test----<br>]]>
  </system-out>
</testsuite> <!-- testng.tests.LoginTest -->
