<?xml version="1.0" encoding="UTF-8"?>
<!-- Generated by org.testng.reporters.JUnitReportReporter -->
<testsuite skipped="0" hostname="ARAVINDA-DELL-PERSONAL" name="testng.allannotations.AllAnnotationsDemo" tests="1" failures="0" timestamp="2021-05-16T15:28:22 IST" time="0.010" errors="0">
  <testcase name="f" time="0.010" classname="testng.allannotations.AllAnnotationsDemo"/>
  <system-out/>
</testsuite> <!-- testng.allannotations.AllAnnotationsDemo -->
